<?xml version="1.0" encoding="UTF-8"?>
<!-- Generated by org.testng.reporters.JUnitReportReporter -->
<testsuite hostname="DESKTOP-EMCU8V5" failures="0" tests="3" name="testNGIntro.NewTest" time="0.019" errors="0" timestamp="09 Jul 2020 21:27:46 GMT" skipped="0">
  <testcase classname="testNGIntro.NewTest" name="second" time="0.004"/>
  <testcase classname="testNGIntro.NewTest" name="Third" time="0.013"/>
  <testcase classname="testNGIntro.NewTest" name="first" time="0.002"/>
</testsuite> <!-- testNGIntro.NewTest -->
