<?xml version="1.0" encoding="UTF-8"?>
<!-- Generated by org.testng.reporters.JUnitReportReporter -->
<testsuite hostname="DESKTOP-EMCU8V5" failures="0" tests="4" name="testNGIntro.IgnoreTest" time="0.005" errors="0" timestamp="09 Jul 2020 21:27:46 GMT" skipped="1">
  <testcase classname="testNGIntro.IgnoreTest" name="fourthIgnore" time="0.002"/>
  <testcase classname="testNGIntro.IgnoreTest" name="secondIgnore" time="0.002"/>
  <testcase classname="testNGIntro.IgnoreTest" name="thirdIgnore" time="0.001"/>
  <testcase classname="testNGIntro.IgnoreTest" name="firstIgnore">
    <skipped/>
  </testcase> <!-- firstIgnore -->
</testsuite> <!-- testNGIntro.IgnoreTest -->
