<?xml version="1.0" encoding="UTF-8"?>
<!-- Generated by org.testng.reporters.JUnitReportReporter -->
<testsuite hostname="DESKTOP-EMCU8V5" failures="0" tests="4" name="testNGIntro.GroupsIntro" time="0.009" errors="0" timestamp="09 Jul 2020 21:27:46 GMT" skipped="0">
  <testcase classname="testNGIntro.GroupsIntro" name="fourthGroup" time="0.003"/>
  <testcase classname="testNGIntro.GroupsIntro" name="firstGroup" time="0.001"/>
  <testcase classname="testNGIntro.GroupsIntro" name="secondGroup" time="0.003"/>
  <testcase classname="testNGIntro.GroupsIntro" name="thirdGroup" time="0.002"/>
</testsuite> <!-- testNGIntro.GroupsIntro -->
